#
# There is insufficient memory for the Java Runtime Environment to continue.
# Native memory allocation (mmap) failed to map 67108864 bytes for G1 virtual space
# Possible reasons:
#   The system is out of physical RAM or swap space
#   The process is running with CompressedOops enabled, and the Java Heap may be blocking the growth of the native heap
# Possible solutions:
#   Reduce memory load on the system
#   Increase physical memory or swap space
#   Check if swap backing store is full
#   Decrease Java heap size (-Xmx/-Xms)
#   Decrease number of Java threads
#   Decrease Java thread stack sizes (-Xss)
#   Set larger code cache with -XX:ReservedCodeCacheSize=
#   JVM is running with Unscaled Compressed Oops mode in which the Java heap is
#     placed in the first 4GB address space. The Java Heap base address is the
#     maximum limit for the native heap growth. Please use -XX:HeapBaseMinAddress
#     to set the Java Heap base and to place the Java Heap above 4GB virtual address.
# This output file may be truncated or incomplete.
#
#  Out of Memory Error (os_windows.cpp:3617), pid=4784, tid=12008
#
# JRE version:  (17.0.8.1+1) (build )
# Java VM: OpenJDK 64-Bit Server VM (17.0.8.1+1, mixed mode, sharing, tiered, compressed oops, compressed class ptrs, g1 gc, windows-amd64)
# No core dump will be written. Minidumps are not enabled by default on client versions of Windows
#

---------------  S U M M A R Y ------------

Command Line: -Dfile.encoding=UTF-8 -Djava.security.policy=applet.policy --module-path=D:\Java\RapitGt\build\classes rapitgt.RapitGt

Host: AMD A9-9425 RADEON R5, 5 COMPUTE CORES 2C+3G   , 2 cores, 3G,  Windows 10 , 64 bit Build 19041 (10.0.19041.3636)
Time: Tue Dec 12 11:11:52 2023 Nepal Standard Time elapsed time: 0.026677 seconds (0d 0h 0m 0s)

---------------  T H R E A D  ---------------

Current thread (0x00000137d5bbe000):  JavaThread "Unknown thread" [_thread_in_vm, id=12008, stack(0x0000002d53a00000,0x0000002d53b00000)]

Stack: [0x0000002d53a00000,0x0000002d53b00000]
Native frames: (J=compiled Java code, j=interpreted, Vv=VM code, C=native code)
V  [jvm.dll+0x678b0a]
V  [jvm.dll+0x835e84]
V  [jvm.dll+0x83762e]
V  [jvm.dll+0x837c93]
V  [jvm.dll+0x24746f]
V  [jvm.dll+0x675859]
V  [jvm.dll+0x66a0ea]
V  [jvm.dll+0x306c7b]
V  [jvm.dll+0x30e166]
V  [jvm.dll+0x35dd3e]
V  [jvm.dll+0x35df6f]
V  [jvm.dll+0x2ddb48]
V  [jvm.dll+0x2deab4]
V  [jvm.dll+0x807f31]
V  [jvm.dll+0x36bb21]
V  [jvm.dll+0x7e733c]
V  [jvm.dll+0x3ee4af]
V  [jvm.dll+0x3f00c1]
C  [jli.dll+0x528b]
C  [ucrtbase.dll+0x21bb2]
C  [KERNEL32.DLL+0x17344]
C  [ntdll.dll+0x526b1]


---------------  P R O C E S S  ---------------

Threads class SMR info:
_java_thread_list=0x00007ff80a03a018, length=0, elements={
}

Java Threads: ( => current thread )

Other Threads:
  0x00000137d5d00470 GCTaskThread "GC Thread#0" [stack: 0x0000002d53b00000,0x0000002d53c00000] [id=9804]
  0x00000137d5d0a050 ConcurrentGCThread "G1 Main Marker" [stack: 0x0000002d53c00000,0x0000002d53d00000] [id=6720]
  0x00000137d5d0b200 ConcurrentGCThread "G1 Conc#0" [stack: 0x0000002d53d00000,0x0000002d53e00000] [id=3084]

[error occurred during error reporting (printing all threads), id 0xc0000005, EXCEPTION_ACCESS_VIOLATION (0xc0000005) at pc=0x00007ff80980e587]

VM state: not at safepoint (not fully initialized)

VM Mutex/Monitor currently owned by a thread:  ([mutex/lock_event])
[0x00000137d5cc53b0] Heap_lock - owner thread: 0x00000137d5bbe000

Heap address: 0x00000000c1c00000, size: 996 MB, Compressed Oops mode: 32-bit

CDS archive(s) mapped at: [0x0000000000000000-0x0000000000000000-0x0000000000000000), size 0, SharedBaseAddress: 0x0000000800000000, ArchiveRelocationMode: 1.
Narrow klass base: 0x0000000000000000, Narrow klass shift: 0, Narrow klass range: 0x0

GC Precious Log:
<Empty>

Heap:
 garbage-first heap   total 0K, used 0K [0x00000000c1c00000, 0x0000000100000000)
  region size 1024K, 0 young (0K), 0 survivors (0K)

[error occurred during error reporting (printing heap information), id 0xc0000005, EXCEPTION_ACCESS_VIOLATION (0xc0000005) at pc=0x00007ff809bf2699]

GC Heap History (0 events):
No events

Dll operation events (1 events):
Event: 0.019 Loaded shared library C:\Users\MCS\AppData\Local\Programs\Eclipse Adoptium\jdk-17.0.8.101-hotspot\bin\java.dll

Deoptimization events (0 events):
No events

Classes unloaded (0 events):
No events

Classes redefined (0 events):
No events

Internal exceptions (0 events):
No events

VM Operations (0 events):
No events

Events (0 events):
No events


Dynamic libraries:
0x00007ff7a6020000 - 0x00007ff7a602e000 	C:\Users\MCS\AppData\Local\Programs\Eclipse Adoptium\jdk-17.0.8.101-hotspot\bin\java.exe
0x00007ff87f7d0000 - 0x00007ff87f9c8000 	C:\WINDOWS\SYSTEM32\ntdll.dll
0x00007ff87dcb0000 - 0x00007ff87dd6d000 	C:\WINDOWS\System32\KERNEL32.DLL
0x00007ff87d080000 - 0x00007ff87d376000 	C:\WINDOWS\System32\KERNELBASE.dll
0x00007ff87cf80000 - 0x00007ff87d080000 	C:\WINDOWS\System32\ucrtbase.dll
0x00007ff86fa70000 - 0x00007ff86fa87000 	C:\Users\MCS\AppData\Local\Programs\Eclipse Adoptium\jdk-17.0.8.101-hotspot\bin\jli.dll
0x00007ff866fa0000 - 0x00007ff866fb9000 	C:\Users\MCS\AppData\Local\Programs\Eclipse Adoptium\jdk-17.0.8.101-hotspot\bin\VCRUNTIME140.dll
0x00007ff87ea60000 - 0x00007ff87ebfe000 	C:\WINDOWS\System32\USER32.dll
0x00007ff87cf50000 - 0x00007ff87cf72000 	C:\WINDOWS\System32\win32u.dll
0x00007ff86a940000 - 0x00007ff86abda000 	C:\WINDOWS\WinSxS\amd64_microsoft.windows.common-controls_6595b64144ccf1df_6.0.19041.3636_none_60b6a03d71f818d5\COMCTL32.dll
0x00007ff87dbc0000 - 0x00007ff87dbec000 	C:\WINDOWS\System32\GDI32.dll
0x00007ff87dfe0000 - 0x00007ff87e07e000 	C:\WINDOWS\System32\msvcrt.dll
0x00007ff87d380000 - 0x00007ff87d49a000 	C:\WINDOWS\System32\gdi32full.dll
0x00007ff87ceb0000 - 0x00007ff87cf4d000 	C:\WINDOWS\System32\msvcp_win.dll
0x00007ff87f490000 - 0x00007ff87f4c0000 	C:\WINDOWS\System32\IMM32.DLL
0x00007ff85cb60000 - 0x00007ff85cb6c000 	C:\Users\MCS\AppData\Local\Programs\Eclipse Adoptium\jdk-17.0.8.101-hotspot\bin\vcruntime140_1.dll
0x00007ff80ac30000 - 0x00007ff80acc1000 	C:\Users\MCS\AppData\Local\Programs\Eclipse Adoptium\jdk-17.0.8.101-hotspot\bin\msvcp140.dll
0x00007ff809520000 - 0x00007ff80a16c000 	C:\Users\MCS\AppData\Local\Programs\Eclipse Adoptium\jdk-17.0.8.101-hotspot\bin\server\jvm.dll
0x00007ff87dc00000 - 0x00007ff87dcaf000 	C:\WINDOWS\System32\ADVAPI32.dll
0x00007ff87da20000 - 0x00007ff87dabc000 	C:\WINDOWS\System32\sechost.dll
0x00007ff87de50000 - 0x00007ff87df76000 	C:\WINDOWS\System32\RPCRT4.dll
0x00007ff87cd10000 - 0x00007ff87cd5b000 	C:\WINDOWS\SYSTEM32\POWRPROF.dll
0x00007ff85da90000 - 0x00007ff85da99000 	C:\WINDOWS\SYSTEM32\WSOCK32.dll
0x00007ff87e580000 - 0x00007ff87e5eb000 	C:\WINDOWS\System32\WS2_32.dll
0x00007ff8747e0000 - 0x00007ff874807000 	C:\WINDOWS\SYSTEM32\WINMM.dll
0x00007ff875d80000 - 0x00007ff875d8a000 	C:\WINDOWS\SYSTEM32\VERSION.dll
0x00007ff87ccf0000 - 0x00007ff87cd02000 	C:\WINDOWS\SYSTEM32\UMPDC.dll
0x00007ff87ad30000 - 0x00007ff87ad42000 	C:\WINDOWS\SYSTEM32\kernel.appcore.dll
0x00007ff876430000 - 0x00007ff87643a000 	C:\Users\MCS\AppData\Local\Programs\Eclipse Adoptium\jdk-17.0.8.101-hotspot\bin\jimage.dll
0x00007ff863ed0000 - 0x00007ff8640b4000 	C:\WINDOWS\SYSTEM32\DBGHELP.DLL
0x00007ff863e50000 - 0x00007ff863e84000 	C:\WINDOWS\SYSTEM32\dbgcore.DLL
0x00007ff87d5a0000 - 0x00007ff87d622000 	C:\WINDOWS\System32\bcryptPrimitives.dll
0x00007ff824940000 - 0x00007ff824965000 	C:\Users\MCS\AppData\Local\Programs\Eclipse Adoptium\jdk-17.0.8.101-hotspot\bin\java.dll

dbghelp: loaded successfully - version: 4.0.5 - missing functions: none
symbol engine: initialized successfully - sym options: 0x614 - pdb path: .;C:\Users\MCS\AppData\Local\Programs\Eclipse Adoptium\jdk-17.0.8.101-hotspot\bin;C:\WINDOWS\SYSTEM32;C:\WINDOWS\WinSxS\amd64_microsoft.windows.common-controls_6595b64144ccf1df_6.0.19041.3636_none_60b6a03d71f818d5;C:\Users\MCS\AppData\Local\Programs\Eclipse Adoptium\jdk-17.0.8.101-hotspot\bin\server

VM Arguments:
jvm_args: -Dfile.encoding=UTF-8 -Djava.security.policy=applet.policy --module-path=D:\Java\RapitGt\build\classes 
java_command: rapitgt.RapitGt
java_class_path (initial): C:\Users\MCS\Downloads\Compressed\mysql-connector.jar\mysql-connector.jar;D:\Java\RapitGt\build\classes
Launcher Type: SUN_STANDARD

[Global flags]
     intx CICompilerCount                          = 2                                         {product} {ergonomic}
     uint ConcGCThreads                            = 1                                         {product} {ergonomic}
     uint G1ConcRefinementThreads                  = 2                                         {product} {ergonomic}
   size_t G1HeapRegionSize                         = 1048576                                   {product} {ergonomic}
    uintx GCDrainStackTargetSize                   = 64                                        {product} {ergonomic}
   size_t InitialHeapSize                          = 67108864                                  {product} {ergonomic}
   size_t MarkStackSize                            = 4194304                                   {product} {ergonomic}
   size_t MaxHeapSize                              = 1044381696                                {product} {ergonomic}
   size_t MinHeapDeltaBytes                        = 1048576                                   {product} {ergonomic}
   size_t MinHeapSize                              = 8388608                                   {product} {ergonomic}
    uintx NonNMethodCodeHeapSize                   = 5826188                                {pd product} {ergonomic}
    uintx NonProfiledCodeHeapSize                  = 122916026                              {pd product} {ergonomic}
    uintx ProfiledCodeHeapSize                     = 122916026                              {pd product} {ergonomic}
    uintx ReservedCodeCacheSize                    = 251658240                              {pd product} {ergonomic}
     bool SegmentedCodeCache                       = true                                      {product} {ergonomic}
   size_t SoftMaxHeapSize                          = 1044381696                             {manageable} {ergonomic}
     bool UseCompressedClassPointers               = true                           {product lp64_product} {ergonomic}
     bool UseCompressedOops                        = true                           {product lp64_product} {ergonomic}
     bool UseG1GC                                  = true                                      {product} {ergonomic}
     bool UseLargePagesIndividualAllocation        = false                                  {pd product} {ergonomic}

Logging:
Log output configuration:
 #0: stdout all=warning uptime,level,tags
 #1: stderr all=off uptime,level,tags

Environment Variables:
JAVA_HOME=C:\Users\MCS\AppData\Local\Programs\Eclipse Adoptium\jdk-17.0.8.101-hotspot\
PATH=C:\Program Files\Common Files\Oracle\Java\javapath;C:\Program Files\Python311\Scripts\;C:\Program Files\Python311\;C:\WINDOWS\system32;C:\WINDOWS;C:\WINDOWS\System32\Wbem;C:\WINDOWS\System32\WindowsPowerShell\v1.0\;C:\WINDOWS\System32\OpenSSH\;C:\Program Files\Git\cmd;C:\Program Files\nodejs\;C:\Users\MCS\AppData\Local\Programs\Eclipse Adoptium\jdk-17.0.8.101-hotspot\bin;C:\Users\MCS\AppData\Local\Microsoft\WindowsApps;C:\Users\MCS\AppData\Local\Programs\Microsoft VS Code\bin;C:\Users\MCS\AppData\Local\GitHubDesktop\bin;C:\Program Files\Azure Data Studio\bin;C:\Users\MCS\AppData\Roaming\npm
USERNAME=MCS
OS=Windows_NT
PROCESSOR_IDENTIFIER=AMD64 Family 21 Model 112 Stepping 0, AuthenticAMD
TMP=C:\Users\MCS\AppData\Local\Temp
TEMP=C:\Users\MCS\AppData\Local\Temp



---------------  S Y S T E M  ---------------

OS:
 Windows 10 , 64 bit Build 19041 (10.0.19041.3636)
OS uptime: 0 days 2:50 hours
Hyper-V role detected

CPU: total 2 (initial active 2) (2 cores per cpu, 1 threads per core) family 21 model 112 stepping 0 microcode 0x0, cx8, cmov, fxsr, mmx, 3dnowpref, sse, sse2, sse3, ssse3, sse4a, sse4.1, sse4.2, popcnt, lzcnt, tsc, tscinvbit, avx, avx2, aes, clmul, bmi1, bmi2, fma, vzeroupper, clflush, hv
Processor Information for all 2 processors :
  Max Mhz: 3100, Current Mhz: 3100, Mhz Limit: 3100

Memory: 4k page, system-wide physical 3981M (407M free)
TotalPageFile size 7997M (AvailPageFile size 5M)
current process WorkingSet (physical memory assigned to process): 10M, peak: 10M
current process commit charge ("private bytes"): 47M, peak: 111M

vm_info: OpenJDK 64-Bit Server VM (17.0.8.1+1) for windows-amd64 JRE (17.0.8.1+1), built on Aug 23 2023 15:29:17 by "admin" with MS VC++ 16.7 (VS2019)

END.
